{"/Users/yujing/Documents/workspace/learning/part5/src/App.js": {"path":"/Users/yujing/Documents/workspace/learning/part5/src/App.js","statementMap":{"0":{"start":{"line":11,"column":12},"end":{"line":168,"column":1}},"1":{"start":{"line":12,"column":28},"end":{"line":12,"column":40}},"2":{"start":{"line":13,"column":26},"end":{"line":13,"column":40}},"3":{"start":{"line":14,"column":42},"end":{"line":14,"column":54}},"4":{"start":{"line":15,"column":42},"end":{"line":15,"column":54}},"5":{"start":{"line":17,"column":2},"end":{"line":28,"column":8}},"6":{"start":{"line":18,"column":27},"end":{"line":18,"column":75}},"7":{"start":{"line":19,"column":4},"end":{"line":23,"column":5}},"8":{"start":{"line":20,"column":19},"end":{"line":20,"column":45}},"9":{"start":{"line":21,"column":6},"end":{"line":21,"column":19}},"10":{"start":{"line":22,"column":6},"end":{"line":22,"column":38}},"11":{"start":{"line":24,"column":4},"end":{"line":27,"column":6}},"12":{"start":{"line":25,"column":6},"end":{"line":25,"column":33}},"13":{"start":{"line":26,"column":6},"end":{"line":26,"column":21}},"14":{"start":{"line":30,"column":28},"end":{"line":46,"column":3}},"15":{"start":{"line":31,"column":4},"end":{"line":45,"column":5}},"16":{"start":{"line":32,"column":24},"end":{"line":32,"column":59}},"17":{"start":{"line":33,"column":6},"end":{"line":35,"column":7}},"18":{"start":{"line":36,"column":6},"end":{"line":36,"column":51}},"19":{"start":{"line":37,"column":6},"end":{"line":37,"column":24}},"20":{"start":{"line":38,"column":6},"end":{"line":38,"column":43}},"21":{"start":{"line":41,"column":6},"end":{"line":41,"column":42}},"22":{"start":{"line":42,"column":6},"end":{"line":44,"column":14}},"23":{"start":{"line":43,"column":8},"end":{"line":43,"column":29}},"24":{"start":{"line":48,"column":29},"end":{"line":52,"column":3}},"25":{"start":{"line":49,"column":4},"end":{"line":49,"column":26}},"26":{"start":{"line":50,"column":4},"end":{"line":50,"column":17}},"27":{"start":{"line":51,"column":4},"end":{"line":51,"column":55}},"28":{"start":{"line":54,"column":31},"end":{"line":58,"column":3}},"29":{"start":{"line":55,"column":4},"end":{"line":57,"column":6}},"30":{"start":{"line":56,"column":6},"end":{"line":56,"column":30}},"31":{"start":{"line":60,"column":22},"end":{"line":60,"column":34}},"32":{"start":{"line":62,"column":27},"end":{"line":80,"column":3}},"33":{"start":{"line":63,"column":4},"end":{"line":63,"column":42}},"34":{"start":{"line":64,"column":4},"end":{"line":79,"column":5}},"35":{"start":{"line":65,"column":24},"end":{"line":65,"column":62}},"36":{"start":{"line":66,"column":23},"end":{"line":66,"column":46}},"37":{"start":{"line":67,"column":6},"end":{"line":67,"column":24}},"38":{"start":{"line":69,"column":6},"end":{"line":69,"column":79}},"39":{"start":{"line":70,"column":6},"end":{"line":72,"column":14}},"40":{"start":{"line":71,"column":8},"end":{"line":71,"column":27}},"41":{"start":{"line":75,"column":6},"end":{"line":77,"column":14}},"42":{"start":{"line":76,"column":8},"end":{"line":76,"column":27}},"43":{"start":{"line":78,"column":6},"end":{"line":78,"column":90}},"44":{"start":{"line":84,"column":30},"end":{"line":110,"column":3}},"45":{"start":{"line":85,"column":4},"end":{"line":85,"column":26}},"46":{"start":{"line":86,"column":4},"end":{"line":109,"column":5}},"47":{"start":{"line":87,"column":6},"end":{"line":87,"column":33}},"48":{"start":{"line":88,"column":28},"end":{"line":88,"column":67}},"49":{"start":{"line":88,"column":52},"end":{"line":88,"column":66}},"50":{"start":{"line":89,"column":27},"end":{"line":89,"column":47}},"51":{"start":{"line":90,"column":22},"end":{"line":96,"column":7}},"52":{"start":{"line":97,"column":6},"end":{"line":97,"column":37}},"53":{"start":{"line":98,"column":23},"end":{"line":98,"column":33}},"54":{"start":{"line":99,"column":26},"end":{"line":99,"column":80}},"55":{"start":{"line":100,"column":6},"end":{"line":100,"column":43}},"56":{"start":{"line":101,"column":6},"end":{"line":101,"column":24}},"57":{"start":{"line":104,"column":6},"end":{"line":104,"column":24}},"58":{"start":{"line":105,"column":6},"end":{"line":107,"column":14}},"59":{"start":{"line":106,"column":8},"end":{"line":106,"column":27}},"60":{"start":{"line":108,"column":6},"end":{"line":108,"column":97}},"61":{"start":{"line":113,"column":27},"end":{"line":130,"column":3}},"62":{"start":{"line":114,"column":4},"end":{"line":114,"column":26}},"63":{"start":{"line":115,"column":26},"end":{"line":115,"column":65}},"64":{"start":{"line":115,"column":50},"end":{"line":115,"column":64}},"65":{"start":{"line":116,"column":25},"end":{"line":116,"column":45}},"66":{"start":{"line":117,"column":4},"end":{"line":129,"column":5}},"67":{"start":{"line":118,"column":6},"end":{"line":128,"column":7}},"68":{"start":{"line":119,"column":8},"end":{"line":119,"column":50}},"69":{"start":{"line":120,"column":25},"end":{"line":120,"column":61}},"70":{"start":{"line":120,"column":46},"end":{"line":120,"column":60}},"71":{"start":{"line":121,"column":8},"end":{"line":121,"column":26}},"72":{"start":{"line":124,"column":8},"end":{"line":126,"column":16}},"73":{"start":{"line":125,"column":10},"end":{"line":125,"column":29}},"74":{"start":{"line":127,"column":8},"end":{"line":127,"column":90}},"75":{"start":{"line":132,"column":2},"end":{"line":167,"column":3}},"76":{"start":{"line":151,"column":69},"end":{"line":151,"column":90}},"77":{"start":{"line":161,"column":12},"end":{"line":161,"column":112}}},"fnMap":{"0":{"name":"(anonymous_0)","decl":{"start":{"line":11,"column":12},"end":{"line":11,"column":13}},"loc":{"start":{"line":11,"column":18},"end":{"line":168,"column":1}},"line":11},"1":{"name":"(anonymous_1)","decl":{"start":{"line":17,"column":12},"end":{"line":17,"column":13}},"loc":{"start":{"line":17,"column":18},"end":{"line":28,"column":3}},"line":17},"2":{"name":"(anonymous_2)","decl":{"start":{"line":24,"column":30},"end":{"line":24,"column":31}},"loc":{"start":{"line":24,"column":39},"end":{"line":27,"column":5}},"line":24},"3":{"name":"(anonymous_3)","decl":{"start":{"line":30,"column":28},"end":{"line":30,"column":29}},"loc":{"start":{"line":30,"column":49},"end":{"line":46,"column":3}},"line":30},"4":{"name":"(anonymous_4)","decl":{"start":{"line":42,"column":17},"end":{"line":42,"column":18}},"loc":{"start":{"line":42,"column":23},"end":{"line":44,"column":7}},"line":42},"5":{"name":"(anonymous_5)","decl":{"start":{"line":48,"column":29},"end":{"line":48,"column":30}},"loc":{"start":{"line":48,"column":40},"end":{"line":52,"column":3}},"line":48},"6":{"name":"(anonymous_6)","decl":{"start":{"line":54,"column":31},"end":{"line":54,"column":32}},"loc":{"start":{"line":54,"column":42},"end":{"line":58,"column":3}},"line":54},"7":{"name":"(anonymous_7)","decl":{"start":{"line":55,"column":15},"end":{"line":55,"column":16}},"loc":{"start":{"line":55,"column":31},"end":{"line":57,"column":5}},"line":55},"8":{"name":"(anonymous_8)","decl":{"start":{"line":62,"column":27},"end":{"line":62,"column":28}},"loc":{"start":{"line":62,"column":46},"end":{"line":80,"column":3}},"line":62},"9":{"name":"(anonymous_9)","decl":{"start":{"line":70,"column":17},"end":{"line":70,"column":18}},"loc":{"start":{"line":70,"column":23},"end":{"line":72,"column":7}},"line":70},"10":{"name":"(anonymous_10)","decl":{"start":{"line":75,"column":17},"end":{"line":75,"column":18}},"loc":{"start":{"line":75,"column":23},"end":{"line":77,"column":7}},"line":75},"11":{"name":"(anonymous_11)","decl":{"start":{"line":84,"column":30},"end":{"line":84,"column":31}},"loc":{"start":{"line":84,"column":51},"end":{"line":110,"column":3}},"line":84},"12":{"name":"(anonymous_12)","decl":{"start":{"line":88,"column":44},"end":{"line":88,"column":45}},"loc":{"start":{"line":88,"column":52},"end":{"line":88,"column":66}},"line":88},"13":{"name":"(anonymous_13)","decl":{"start":{"line":105,"column":17},"end":{"line":105,"column":18}},"loc":{"start":{"line":105,"column":23},"end":{"line":107,"column":7}},"line":105},"14":{"name":"(anonymous_14)","decl":{"start":{"line":113,"column":27},"end":{"line":113,"column":28}},"loc":{"start":{"line":113,"column":48},"end":{"line":130,"column":3}},"line":113},"15":{"name":"(anonymous_15)","decl":{"start":{"line":115,"column":42},"end":{"line":115,"column":43}},"loc":{"start":{"line":115,"column":50},"end":{"line":115,"column":64}},"line":115},"16":{"name":"(anonymous_16)","decl":{"start":{"line":120,"column":38},"end":{"line":120,"column":39}},"loc":{"start":{"line":120,"column":46},"end":{"line":120,"column":60}},"line":120},"17":{"name":"(anonymous_17)","decl":{"start":{"line":124,"column":19},"end":{"line":124,"column":20}},"loc":{"start":{"line":124,"column":25},"end":{"line":126,"column":9}},"line":124},"18":{"name":"(anonymous_18)","decl":{"start":{"line":151,"column":62},"end":{"line":151,"column":63}},"loc":{"start":{"line":151,"column":69},"end":{"line":151,"column":90}},"line":151},"19":{"name":"(anonymous_19)","decl":{"start":{"line":160,"column":21},"end":{"line":160,"column":22}},"loc":{"start":{"line":161,"column":12},"end":{"line":161,"column":112}},"line":161}},"branchMap":{"0":{"loc":{"start":{"line":19,"column":4},"end":{"line":23,"column":5}},"type":"if","locations":[{"start":{"line":19,"column":4},"end":{"line":23,"column":5}},{"start":{"line":19,"column":4},"end":{"line":23,"column":5}}],"line":19},"1":{"loc":{"start":{"line":117,"column":4},"end":{"line":129,"column":5}},"type":"if","locations":[{"start":{"line":117,"column":4},"end":{"line":129,"column":5}},{"start":{"line":117,"column":4},"end":{"line":129,"column":5}}],"line":117},"2":{"loc":{"start":{"line":134,"column":7},"end":{"line":136,"column":12}},"type":"binary-expr","locations":[{"start":{"line":134,"column":7},"end":{"line":134,"column":19}},{"start":{"line":134,"column":23},"end":{"line":136,"column":12}}],"line":134},"3":{"loc":{"start":{"line":137,"column":7},"end":{"line":139,"column":12}},"type":"binary-expr","locations":[{"start":{"line":137,"column":7},"end":{"line":137,"column":19}},{"start":{"line":137,"column":23},"end":{"line":139,"column":12}}],"line":137},"4":{"loc":{"start":{"line":140,"column":7},"end":{"line":146,"column":11}},"type":"binary-expr","locations":[{"start":{"line":140,"column":7},"end":{"line":140,"column":20}},{"start":{"line":141,"column":8},"end":{"line":146,"column":11}}],"line":140},"5":{"loc":{"start":{"line":148,"column":7},"end":{"line":164,"column":14}},"type":"binary-expr","locations":[{"start":{"line":148,"column":7},"end":{"line":148,"column":20}},{"start":{"line":149,"column":8},"end":{"line":164,"column":14}}],"line":148}},"s":{"0":0,"1":0,"2":0,"3":0,"4":0,"5":0,"6":0,"7":0,"8":0,"9":0,"10":0,"11":0,"12":0,"13":0,"14":0,"15":0,"16":0,"17":0,"18":0,"19":0,"20":0,"21":0,"22":0,"23":0,"24":0,"25":0,"26":0,"27":0,"28":0,"29":0,"30":0,"31":0,"32":0,"33":0,"34":0,"35":0,"36":0,"37":0,"38":0,"39":0,"40":0,"41":0,"42":0,"43":0,"44":0,"45":0,"46":0,"47":0,"48":0,"49":0,"50":0,"51":0,"52":0,"53":0,"54":0,"55":0,"56":0,"57":0,"58":0,"59":0,"60":0,"61":0,"62":0,"63":0,"64":0,"65":0,"66":0,"67":0,"68":0,"69":0,"70":0,"71":0,"72":0,"73":0,"74":0,"75":0,"76":0,"77":0},"f":{"0":0,"1":0,"2":0,"3":0,"4":0,"5":0,"6":0,"7":0,"8":0,"9":0,"10":0,"11":0,"12":0,"13":0,"14":0,"15":0,"16":0,"17":0,"18":0,"19":0},"b":{"0":[0,0],"1":[0,0],"2":[0,0],"3":[0,0],"4":[0,0],"5":[0,0]},"hash":"bc95de936edc019e0d3aa05c48330e5626e55fc0"}
,"/Users/yujing/Documents/workspace/learning/part5/src/index.js": {"path":"/Users/yujing/Documents/workspace/learning/part5/src/index.js","statementMap":{"0":{"start":{"line":5,"column":0},"end":{"line":5,"column":57}}},"fnMap":{},"branchMap":{},"s":{"0":0},"f":{},"b":{},"hash":"086a9a2281e0713fd844efce1ac63bdfe296f656"}
,"/Users/yujing/Documents/workspace/learning/part5/src/components/Blog.js": {"path":"/Users/yujing/Documents/workspace/learning/part5/src/components/Blog.js","statementMap":{"0":{"start":{"line":4,"column":13},"end":{"line":35,"column":1}},"1":{"start":{"line":5,"column":38},"end":{"line":5,"column":53}},"2":{"start":{"line":6,"column":22},"end":{"line":6,"column":50}},"3":{"start":{"line":7,"column":27},"end":{"line":7,"column":63}},"4":{"start":{"line":7,"column":35},"end":{"line":7,"column":61}},"5":{"start":{"line":8,"column":28},"end":{"line":8,"column":78}},"6":{"start":{"line":11,"column":6},"end":{"line":20,"column":12}},"7":{"start":{"line":17,"column":63},"end":{"line":17,"column":90}},"8":{"start":{"line":23,"column":2},"end":{"line":34,"column":3}},"9":{"start":{"line":30,"column":59},"end":{"line":30,"column":87}},"10":{"start":{"line":37,"column":0},"end":{"line":41,"column":1}}},"fnMap":{"0":{"name":"(anonymous_0)","decl":{"start":{"line":4,"column":13},"end":{"line":4,"column":14}},"loc":{"start":{"line":4,"column":54},"end":{"line":35,"column":1}},"line":4},"1":{"name":"(anonymous_1)","decl":{"start":{"line":7,"column":27},"end":{"line":7,"column":28}},"loc":{"start":{"line":7,"column":33},"end":{"line":7,"column":63}},"line":7},"2":{"name":"(anonymous_2)","decl":{"start":{"line":17,"column":52},"end":{"line":17,"column":53}},"loc":{"start":{"line":17,"column":63},"end":{"line":17,"column":90}},"line":17},"3":{"name":"(anonymous_3)","decl":{"start":{"line":30,"column":48},"end":{"line":30,"column":49}},"loc":{"start":{"line":30,"column":59},"end":{"line":30,"column":87}},"line":30}},"branchMap":{"0":{"loc":{"start":{"line":6,"column":22},"end":{"line":6,"column":50}},"type":"cond-expr","locations":[{"start":{"line":6,"column":35},"end":{"line":6,"column":41}},{"start":{"line":6,"column":44},"end":{"line":6,"column":50}}],"line":6},"1":{"loc":{"start":{"line":8,"column":28},"end":{"line":8,"column":78}},"type":"cond-expr","locations":[{"start":{"line":8,"column":41},"end":{"line":8,"column":56}},{"start":{"line":8,"column":59},"end":{"line":8,"column":78}}],"line":8}},"s":{"0":1,"1":2,"2":2,"3":2,"4":1,"5":2,"6":2,"7":2,"8":2,"9":0,"10":1},"f":{"0":2,"1":1,"2":2,"3":0},"b":{"0":[1,1],"1":[1,1]},"_coverageSchema":"43e27e138ebf9cfc5966b082cf9a028302ed4184","hash":"f25faac2090d79e59428cbc0d40a3b21659fba9b"}
,"/Users/yujing/Documents/workspace/learning/part5/src/components/BlogForm.js": {"path":"/Users/yujing/Documents/workspace/learning/part5/src/components/BlogForm.js","statementMap":{"0":{"start":{"line":3,"column":17},"end":{"line":57,"column":1}},"1":{"start":{"line":4,"column":28},"end":{"line":4,"column":40}},"2":{"start":{"line":5,"column":24},"end":{"line":5,"column":36}},"3":{"start":{"line":6,"column":30},"end":{"line":6,"column":42}},"4":{"start":{"line":8,"column":27},"end":{"line":22,"column":3}},"5":{"start":{"line":9,"column":4},"end":{"line":21,"column":5}},"6":{"start":{"line":11,"column":6},"end":{"line":11,"column":34}},"7":{"start":{"line":12,"column":6},"end":{"line":12,"column":11}},"8":{"start":{"line":14,"column":6},"end":{"line":14,"column":32}},"9":{"start":{"line":15,"column":6},"end":{"line":15,"column":11}},"10":{"start":{"line":17,"column":6},"end":{"line":17,"column":35}},"11":{"start":{"line":18,"column":6},"end":{"line":18,"column":11}},"12":{"start":{"line":20,"column":6},"end":{"line":20,"column":11}},"13":{"start":{"line":23,"column":18},"end":{"line":33,"column":3}},"14":{"start":{"line":24,"column":4},"end":{"line":24,"column":26}},"15":{"start":{"line":25,"column":4},"end":{"line":29,"column":6}},"16":{"start":{"line":30,"column":4},"end":{"line":30,"column":16}},"17":{"start":{"line":31,"column":4},"end":{"line":31,"column":17}},"18":{"start":{"line":32,"column":4},"end":{"line":32,"column":14}},"19":{"start":{"line":34,"column":2},"end":{"line":56,"column":3}},"20":{"start":{"line":40,"column":96},"end":{"line":40,"column":119}},"21":{"start":{"line":44,"column":100},"end":{"line":44,"column":123}},"22":{"start":{"line":48,"column":88},"end":{"line":48,"column":111}},"23":{"start":{"line":59,"column":0},"end":{"line":61,"column":1}}},"fnMap":{"0":{"name":"(anonymous_0)","decl":{"start":{"line":3,"column":17},"end":{"line":3,"column":18}},"loc":{"start":{"line":3,"column":37},"end":{"line":57,"column":1}},"line":3},"1":{"name":"(anonymous_1)","decl":{"start":{"line":8,"column":27},"end":{"line":8,"column":28}},"loc":{"start":{"line":8,"column":38},"end":{"line":22,"column":3}},"line":8},"2":{"name":"(anonymous_2)","decl":{"start":{"line":23,"column":18},"end":{"line":23,"column":19}},"loc":{"start":{"line":23,"column":29},"end":{"line":33,"column":3}},"line":23},"3":{"name":"(anonymous_3)","decl":{"start":{"line":40,"column":85},"end":{"line":40,"column":86}},"loc":{"start":{"line":40,"column":96},"end":{"line":40,"column":119}},"line":40},"4":{"name":"(anonymous_4)","decl":{"start":{"line":44,"column":89},"end":{"line":44,"column":90}},"loc":{"start":{"line":44,"column":100},"end":{"line":44,"column":123}},"line":44},"5":{"name":"(anonymous_5)","decl":{"start":{"line":48,"column":77},"end":{"line":48,"column":78}},"loc":{"start":{"line":48,"column":88},"end":{"line":48,"column":111}},"line":48}},"branchMap":{"0":{"loc":{"start":{"line":9,"column":4},"end":{"line":21,"column":5}},"type":"switch","locations":[{"start":{"line":10,"column":4},"end":{"line":12,"column":11}},{"start":{"line":13,"column":4},"end":{"line":15,"column":11}},{"start":{"line":16,"column":4},"end":{"line":18,"column":11}},{"start":{"line":19,"column":4},"end":{"line":20,"column":11}}],"line":9}},"s":{"0":1,"1":5,"2":5,"3":5,"4":5,"5":3,"6":1,"7":1,"8":1,"9":1,"10":1,"11":1,"12":0,"13":5,"14":1,"15":1,"16":1,"17":1,"18":1,"19":5,"20":1,"21":1,"22":1,"23":1},"f":{"0":5,"1":3,"2":1,"3":1,"4":1,"5":1},"b":{"0":[1,1,1,0]},"_coverageSchema":"43e27e138ebf9cfc5966b082cf9a028302ed4184","hash":"bf9d71c4a73c90df08f8550879a14d1d7b186ad2"}
,"/Users/yujing/Documents/workspace/learning/part5/src/components/LoginForm.js": {"path":"/Users/yujing/Documents/workspace/learning/part5/src/components/LoginForm.js","statementMap":{"0":{"start":{"line":5,"column":18},"end":{"line":51,"column":1}},"1":{"start":{"line":8,"column":34},"end":{"line":8,"column":46}},"2":{"start":{"line":9,"column":34},"end":{"line":9,"column":46}},"3":{"start":{"line":11,"column":27},"end":{"line":22,"column":3}},"4":{"start":{"line":12,"column":4},"end":{"line":21,"column":5}},"5":{"start":{"line":14,"column":6},"end":{"line":14,"column":37}},"6":{"start":{"line":15,"column":6},"end":{"line":15,"column":11}},"7":{"start":{"line":17,"column":6},"end":{"line":17,"column":37}},"8":{"start":{"line":18,"column":6},"end":{"line":18,"column":11}},"9":{"start":{"line":20,"column":6},"end":{"line":20,"column":11}},"10":{"start":{"line":23,"column":16},"end":{"line":32,"column":3}},"11":{"start":{"line":24,"column":4},"end":{"line":24,"column":26}},"12":{"start":{"line":25,"column":22},"end":{"line":28,"column":5}},"13":{"start":{"line":29,"column":4},"end":{"line":29,"column":24}},"14":{"start":{"line":30,"column":4},"end":{"line":30,"column":19}},"15":{"start":{"line":31,"column":4},"end":{"line":31,"column":19}},"16":{"start":{"line":34,"column":2},"end":{"line":50,"column":3}},"17":{"start":{"line":40,"column":33},"end":{"line":40,"column":56}},"18":{"start":{"line":45,"column":33},"end":{"line":45,"column":56}},"19":{"start":{"line":53,"column":0},"end":{"line":55,"column":1}}},"fnMap":{"0":{"name":"(anonymous_0)","decl":{"start":{"line":5,"column":18},"end":{"line":5,"column":19}},"loc":{"start":{"line":7,"column":6},"end":{"line":51,"column":1}},"line":7},"1":{"name":"(anonymous_1)","decl":{"start":{"line":11,"column":27},"end":{"line":11,"column":28}},"loc":{"start":{"line":11,"column":38},"end":{"line":22,"column":3}},"line":11},"2":{"name":"(anonymous_2)","decl":{"start":{"line":23,"column":16},"end":{"line":23,"column":17}},"loc":{"start":{"line":23,"column":27},"end":{"line":32,"column":3}},"line":23},"3":{"name":"(anonymous_3)","decl":{"start":{"line":40,"column":22},"end":{"line":40,"column":23}},"loc":{"start":{"line":40,"column":33},"end":{"line":40,"column":56}},"line":40},"4":{"name":"(anonymous_4)","decl":{"start":{"line":45,"column":22},"end":{"line":45,"column":23}},"loc":{"start":{"line":45,"column":33},"end":{"line":45,"column":56}},"line":45}},"branchMap":{"0":{"loc":{"start":{"line":12,"column":4},"end":{"line":21,"column":5}},"type":"switch","locations":[{"start":{"line":13,"column":4},"end":{"line":15,"column":11}},{"start":{"line":16,"column":4},"end":{"line":18,"column":11}},{"start":{"line":19,"column":4},"end":{"line":20,"column":11}}],"line":12}},"s":{"0":0,"1":0,"2":0,"3":0,"4":0,"5":0,"6":0,"7":0,"8":0,"9":0,"10":0,"11":0,"12":0,"13":0,"14":0,"15":0,"16":0,"17":0,"18":0,"19":0},"f":{"0":0,"1":0,"2":0,"3":0,"4":0},"b":{"0":[0,0,0]},"hash":"0984681a701e01d009788f9428a80f7560176604"}
,"/Users/yujing/Documents/workspace/learning/part5/src/components/Togglable.js": {"path":"/Users/yujing/Documents/workspace/learning/part5/src/components/Togglable.js","statementMap":{"0":{"start":{"line":4,"column":18},"end":{"line":27,"column":1}},"1":{"start":{"line":5,"column":32},"end":{"line":5,"column":47}},"2":{"start":{"line":6,"column":26},"end":{"line":6,"column":60}},"3":{"start":{"line":7,"column":26},"end":{"line":7,"column":60}},"4":{"start":{"line":8,"column":27},"end":{"line":10,"column":3}},"5":{"start":{"line":9,"column":4},"end":{"line":9,"column":24}},"6":{"start":{"line":11,"column":2},"end":{"line":15,"column":4}},"7":{"start":{"line":12,"column":4},"end":{"line":14,"column":5}},"8":{"start":{"line":13,"column":32},"end":{"line":13,"column":50}},"9":{"start":{"line":16,"column":2},"end":{"line":26,"column":3}},"10":{"start":{"line":28,"column":24},"end":{"line":28,"column":51}},"11":{"start":{"line":29,"column":0},"end":{"line":29,"column":35}},"12":{"start":{"line":31,"column":0},"end":{"line":33,"column":1}}},"fnMap":{"0":{"name":"(anonymous_0)","decl":{"start":{"line":4,"column":18},"end":{"line":4,"column":19}},"loc":{"start":{"line":4,"column":34},"end":{"line":27,"column":1}},"line":4},"1":{"name":"(anonymous_1)","decl":{"start":{"line":8,"column":27},"end":{"line":8,"column":28}},"loc":{"start":{"line":8,"column":33},"end":{"line":10,"column":3}},"line":8},"2":{"name":"(anonymous_2)","decl":{"start":{"line":11,"column":27},"end":{"line":11,"column":28}},"loc":{"start":{"line":11,"column":33},"end":{"line":15,"column":3}},"line":11},"3":{"name":"(anonymous_3)","decl":{"start":{"line":13,"column":24},"end":{"line":13,"column":25}},"loc":{"start":{"line":13,"column":30},"end":{"line":13,"column":52}},"line":13}},"branchMap":{"0":{"loc":{"start":{"line":6,"column":37},"end":{"line":6,"column":58}},"type":"cond-expr","locations":[{"start":{"line":6,"column":47},"end":{"line":6,"column":49}},{"start":{"line":6,"column":52},"end":{"line":6,"column":58}}],"line":6},"1":{"loc":{"start":{"line":7,"column":37},"end":{"line":7,"column":58}},"type":"cond-expr","locations":[{"start":{"line":7,"column":47},"end":{"line":7,"column":53}},{"start":{"line":7,"column":56},"end":{"line":7,"column":58}}],"line":7}},"s":{"0":1,"1":7,"2":7,"3":7,"4":7,"5":3,"6":7,"7":0,"8":0,"9":7,"10":1,"11":1,"12":1},"f":{"0":7,"1":3,"2":0,"3":0},"b":{"0":[2,5],"1":[2,5]},"_coverageSchema":"43e27e138ebf9cfc5966b082cf9a028302ed4184","hash":"64435b6e3bd5185cbe34aedd66b257437218a703"}
,"/Users/yujing/Documents/workspace/learning/part5/src/services/blogs.js": {"path":"/Users/yujing/Documents/workspace/learning/part5/src/services/blogs.js","statementMap":{"0":{"start":{"line":2,"column":16},"end":{"line":2,"column":49}},"1":{"start":{"line":5,"column":12},"end":{"line":5,"column":16}},"2":{"start":{"line":7,"column":17},"end":{"line":9,"column":1}},"3":{"start":{"line":8,"column":2},"end":{"line":8,"column":30}},"4":{"start":{"line":11,"column":15},"end":{"line":14,"column":1}},"5":{"start":{"line":12,"column":18},"end":{"line":12,"column":36}},"6":{"start":{"line":13,"column":2},"end":{"line":13,"column":48}},"7":{"start":{"line":13,"column":34},"end":{"line":13,"column":47}},"8":{"start":{"line":16,"column":20},"end":{"line":23,"column":1}},"9":{"start":{"line":17,"column":17},"end":{"line":19,"column":3}},"10":{"start":{"line":20,"column":2},"end":{"line":22,"column":3}},"11":{"start":{"line":21,"column":4},"end":{"line":21,"column":17}},"12":{"start":{"line":25,"column":19},"end":{"line":31,"column":1}},"13":{"start":{"line":26,"column":17},"end":{"line":28,"column":3}},"14":{"start":{"line":29,"column":2},"end":{"line":30,"column":18}},"15":{"start":{"line":30,"column":4},"end":{"line":30,"column":17}},"16":{"start":{"line":33,"column":19},"end":{"line":39,"column":1}},"17":{"start":{"line":34,"column":17},"end":{"line":36,"column":3}},"18":{"start":{"line":37,"column":2},"end":{"line":38,"column":18}},"19":{"start":{"line":38,"column":4},"end":{"line":38,"column":17}}},"fnMap":{"0":{"name":"(anonymous_0)","decl":{"start":{"line":7,"column":17},"end":{"line":7,"column":18}},"loc":{"start":{"line":7,"column":29},"end":{"line":9,"column":1}},"line":7},"1":{"name":"(anonymous_1)","decl":{"start":{"line":11,"column":15},"end":{"line":11,"column":16}},"loc":{"start":{"line":11,"column":21},"end":{"line":14,"column":1}},"line":11},"2":{"name":"(anonymous_2)","decl":{"start":{"line":13,"column":22},"end":{"line":13,"column":23}},"loc":{"start":{"line":13,"column":34},"end":{"line":13,"column":47}},"line":13},"3":{"name":"(anonymous_3)","decl":{"start":{"line":16,"column":20},"end":{"line":16,"column":21}},"loc":{"start":{"line":16,"column":33},"end":{"line":23,"column":1}},"line":16},"4":{"name":"(anonymous_4)","decl":{"start":{"line":20,"column":51},"end":{"line":20,"column":52}},"loc":{"start":{"line":21,"column":4},"end":{"line":21,"column":17}},"line":21},"5":{"name":"(anonymous_5)","decl":{"start":{"line":25,"column":19},"end":{"line":25,"column":20}},"loc":{"start":{"line":25,"column":35},"end":{"line":31,"column":1}},"line":25},"6":{"name":"(anonymous_6)","decl":{"start":{"line":29,"column":60},"end":{"line":29,"column":61}},"loc":{"start":{"line":30,"column":4},"end":{"line":30,"column":17}},"line":30},"7":{"name":"(anonymous_7)","decl":{"start":{"line":33,"column":19},"end":{"line":33,"column":20}},"loc":{"start":{"line":33,"column":29},"end":{"line":39,"column":1}},"line":33},"8":{"name":"(anonymous_8)","decl":{"start":{"line":37,"column":60},"end":{"line":37,"column":61}},"loc":{"start":{"line":38,"column":4},"end":{"line":38,"column":17}},"line":38}},"branchMap":{},"s":{"0":0,"1":0,"2":0,"3":0,"4":0,"5":0,"6":0,"7":0,"8":0,"9":0,"10":0,"11":0,"12":0,"13":0,"14":0,"15":0,"16":0,"17":0,"18":0,"19":0},"f":{"0":0,"1":0,"2":0,"3":0,"4":0,"5":0,"6":0,"7":0,"8":0},"b":{},"hash":"1b8c02a67eac330e16742e312b7defb7c570495d"}
,"/Users/yujing/Documents/workspace/learning/part5/src/services/login.js": {"path":"/Users/yujing/Documents/workspace/learning/part5/src/services/login.js","statementMap":{"0":{"start":{"line":3,"column":16},"end":{"line":3,"column":49}},"1":{"start":{"line":4,"column":14},"end":{"line":6,"column":1}},"2":{"start":{"line":5,"column":2},"end":{"line":5,"column":73}},"3":{"start":{"line":5,"column":59},"end":{"line":5,"column":72}}},"fnMap":{"0":{"name":"(anonymous_0)","decl":{"start":{"line":4,"column":14},"end":{"line":4,"column":15}},"loc":{"start":{"line":4,"column":31},"end":{"line":6,"column":1}},"line":4},"1":{"name":"(anonymous_1)","decl":{"start":{"line":5,"column":47},"end":{"line":5,"column":48}},"loc":{"start":{"line":5,"column":59},"end":{"line":5,"column":72}},"line":5}},"branchMap":{},"s":{"0":0,"1":0,"2":0,"3":0},"f":{"0":0,"1":0},"b":{},"hash":"f5f8335e1bcb9ef5ebacfab26c6d452d48b5dbf6"}
}
